c:\users\chris\desktop\proceduralplantrubble\proceduralplantrubble\debug\proceduralplantrubble.pch
c:\users\chris\desktop\proceduralplantrubble\proceduralplantrubble\debug\vc141.pdb
c:\users\chris\desktop\proceduralplantrubble\proceduralplantrubble\debug\vc141.idb
c:\users\chris\desktop\proceduralplantrubble\proceduralplantrubble\debug\stdafx.obj
c:\users\chris\desktop\proceduralplantrubble\proceduralplantrubble\debug\proceduralplantrubble.obj
c:\users\chris\desktop\proceduralplantrubble\proceduralplantrubble\debug\main.obj
d:\proceduralplantrubble\proceduralplantrubble\debug\vc141.pdb
d:\proceduralplantrubble\proceduralplantrubble\debug\proceduralplantrubble.pch
d:\proceduralplantrubble\proceduralplantrubble\debug\vc141.idb
d:\proceduralplantrubble\proceduralplantrubble\debug\stdafx.obj
d:\proceduralplantrubble\proceduralplantrubble\debug\proceduralplantrubble.obj
d:\proceduralplantrubble\proceduralplantrubble\debug\main.obj
c:\users\chris\desktop\proceduralplantrubble\debug\proceduralplantrubble.exe
c:\users\chris\desktop\proceduralplantrubble\debug\proceduralplantrubble.ilk
c:\users\chris\desktop\proceduralplantrubble\debug\proceduralplantrubble.pdb
d:\proceduralplantrubble\proceduralplantrubble\debug\proceduralplantrubble.new.obj.enc
d:\proceduralplantrubble\debug\proceduralplantrubble.pdb
d:\proceduralplantrubble\proceduralplantrubble\debug\procedur.ea7c84a0.tlog\cl.command.1.tlog
d:\proceduralplantrubble\proceduralplantrubble\debug\procedur.ea7c84a0.tlog\cl.read.1.tlog
d:\proceduralplantrubble\proceduralplantrubble\debug\procedur.ea7c84a0.tlog\cl.write.1.tlog
d:\proceduralplantrubble\proceduralplantrubble\debug\procedur.ea7c84a0.tlog\link.command.1.tlog
d:\proceduralplantrubble\proceduralplantrubble\debug\procedur.ea7c84a0.tlog\link.read.1.tlog
d:\proceduralplantrubble\proceduralplantrubble\debug\procedur.ea7c84a0.tlog\link.write.1.tlog
